2016-12-03T15:27:14+01:00 DEBUG 
2016-12-03T15:27:41+01:00 DEBUG 70

2016-12-03T15:28:20+01:00 DEBUG 70

2016-12-03T15:31:09+01:00 DEBUG 
2016-12-03T15:31:18+01:00 DEBUG 70

2016-12-03T15:32:34+01:00 DEBUG probando

2016-12-03T15:47:09+01:00 DEBUG test
2016-12-03T15:56:46+01:00 DEBUG probando

2016-12-03T16:14:06+01:00 DEBUG 
2016-12-03T16:14:08+01:00 DEBUG 
2016-12-03T16:14:11+01:00 DEBUG 
2016-12-03T16:14:13+01:00 DEBUG 
2016-12-03T16:14:15+01:00 DEBUG 
2016-12-03T16:14:17+01:00 DEBUG 
2016-12-03T16:14:19+01:00 DEBUG 
2016-12-03T16:17:54+01:00 DEBUG 
2016-12-03T16:17:57+01:00 DEBUG 
2016-12-03T16:18:00+01:00 DEBUG 
2016-12-03T16:18:02+01:00 DEBUG 
2016-12-03T16:18:04+01:00 DEBUG 
2016-12-03T16:18:06+01:00 DEBUG 
2016-12-03T16:18:08+01:00 DEBUG 
2016-12-03T16:18:11+01:00 DEBUG 
2016-12-03T16:19:58+01:00 DEBUG 
2016-12-03T16:20:03+01:00 DEBUG 
2016-12-03T16:20:06+01:00 DEBUG 
2016-12-03T16:20:08+01:00 DEBUG 
2016-12-03T16:20:10+01:00 DEBUG 
2016-12-03T16:20:12+01:00 DEBUG 
2016-12-03T16:21:34+01:00 DEBUG prueba
2016-12-03T16:21:36+01:00 DEBUG prueba
2016-12-03T16:21:39+01:00 DEBUG prueba
2016-12-03T16:21:41+01:00 DEBUG prueba
2016-12-03T16:21:43+01:00 DEBUG prueba
2016-12-03T16:21:45+01:00 DEBUG prueba
2016-12-03T16:23:52+01:00 DEBUG 42
2016-12-03T16:23:54+01:00 DEBUG 8
2016-12-03T16:23:56+01:00 DEBUG 69
2016-12-03T16:23:58+01:00 DEBUG 13
2016-12-03T16:24:00+01:00 DEBUG 40
2016-12-03T16:24:02+01:00 DEBUG 32
2016-12-03T16:24:04+01:00 DEBUG 91
2016-12-03T16:24:06+01:00 DEBUG 8
2016-12-03T16:24:08+01:00 DEBUG 32
2016-12-04T21:05:00+01:00 DEBUG 
2016-12-04T21:05:06+01:00 DEBUG prueba
2016-12-04T21:06:04+01:00 DEBUG start
2016-12-04T21:06:04+01:00 WARNING Array
2016-12-04T21:06:06+01:00 DEBUG start
2016-12-04T21:06:06+01:00 WARNING Array
2016-12-04T21:06:08+01:00 DEBUG start
2016-12-04T21:06:08+01:00 WARNING Array
2016-12-04T21:06:11+01:00 DEBUG start
2016-12-04T21:06:11+01:00 WARNING Array
2016-12-04T21:06:13+01:00 DEBUG start
2016-12-04T21:06:13+01:00 WARNING Array
2016-12-04T21:06:15+01:00 DEBUG start
2016-12-04T21:06:15+01:00 WARNING Array
2016-12-04T21:06:17+01:00 DEBUG start
2016-12-04T21:06:17+01:00 WARNING Array
2016-12-04T21:12:27+01:00 DEBUG prueba
2016-12-04T21:12:31+01:00 DEBUG prueba
2016-12-04T21:12:33+01:00 DEBUG prueba
2016-12-04T21:12:35+01:00 DEBUG prueba
2016-12-04T21:12:37+01:00 DEBUG prueba
2016-12-04T21:12:39+01:00 DEBUG prueba
2016-12-04T21:12:41+01:00 DEBUG prueba
2016-12-04T21:12:43+01:00 DEBUG prueba
2016-12-04T21:12:45+01:00 DEBUG prueba
2016-12-04T21:12:48+01:00 DEBUG prueba
2016-12-04T21:12:50+01:00 DEBUG prueba
2016-12-04T21:14:22+01:00 DEBUG start
2016-12-04T21:14:22+01:00 WARNING Array
2016-12-04T21:14:24+01:00 DEBUG start
2016-12-04T21:14:24+01:00 WARNING Array
2016-12-04T21:14:26+01:00 DEBUG start
2016-12-04T21:14:26+01:00 WARNING Array
2016-12-04T21:14:28+01:00 DEBUG start
2016-12-04T21:14:28+01:00 WARNING Array
2016-12-04T21:14:30+01:00 DEBUG start
2016-12-04T21:14:30+01:00 WARNING Array
2016-12-04T21:14:32+01:00 DEBUG start
2016-12-04T21:14:32+01:00 WARNING Array
2016-12-04T21:14:35+01:00 DEBUG start
2016-12-04T21:14:35+01:00 WARNING Array
2016-12-04T21:14:37+01:00 DEBUG start
2016-12-04T21:14:37+01:00 WARNING Array
2016-12-04T21:14:39+01:00 DEBUG start
2016-12-04T21:14:39+01:00 WARNING Array
2016-12-04T21:14:41+01:00 DEBUG start
2016-12-04T21:14:41+01:00 WARNING Array
2016-12-04T21:14:43+01:00 DEBUG start
2016-12-04T21:14:43+01:00 WARNING Array
2016-12-04T21:14:45+01:00 DEBUG start
2016-12-04T21:14:45+01:00 WARNING Array
2016-12-04T21:14:48+01:00 DEBUG start
2016-12-04T21:14:48+01:00 WARNING Array
2016-12-04T21:14:50+01:00 DEBUG start
2016-12-04T21:14:50+01:00 WARNING Array
2016-12-04T21:14:52+01:00 DEBUG start
2016-12-04T21:14:52+01:00 WARNING Array
2016-12-04T21:14:54+01:00 DEBUG start
2016-12-04T21:14:54+01:00 WARNING Array
2016-12-04T21:16:08+01:00 DEBUG start
2016-12-04T21:16:21+01:00 DEBUG start
2016-12-04T21:16:31+01:00 DEBUG start
2016-12-04T21:16:48+01:00 DEBUG start
2016-12-04T21:17:02+01:00 DEBUG start
2016-12-04T21:17:08+01:00 DEBUG start
2016-12-04T21:17:16+01:00 DEBUG start
2016-12-04T21:17:41+01:00 DEBUG start
2016-12-04T21:18:54+01:00 DEBUG start
2016-12-04T21:19:11+01:00 DEBUG start
2016-12-04T21:19:20+01:00 DEBUG start
2016-12-04T21:19:37+01:00 DEBUG start
2016-12-04T21:19:56+01:00 DEBUG start
2016-12-04T21:21:06+01:00 DEBUG start
2016-12-04T21:21:25+01:00 DEBUG start
2016-12-04T21:22:16+01:00 DEBUG start
2016-12-04T21:22:44+01:00 DEBUG start
2016-12-04T21:27:07+01:00 DEBUG start
2016-12-04T21:27:09+01:00 DEBUG start
2016-12-04T21:27:11+01:00 DEBUG start
2016-12-04T21:27:13+01:00 DEBUG start
2016-12-04T21:27:15+01:00 DEBUG start
2016-12-04T21:27:54+01:00 DEBUG start
2016-12-04T21:27:56+01:00 DEBUG start
2016-12-04T21:27:59+01:00 DEBUG start
2016-12-04T21:28:01+01:00 DEBUG start
2016-12-04T21:28:03+01:00 DEBUG start
2016-12-04T21:28:05+01:00 DEBUG start
2016-12-04T21:28:07+01:00 DEBUG start
2016-12-04T21:28:09+01:00 DEBUG start
2016-12-04T21:28:11+01:00 DEBUG start
2016-12-04T21:28:13+01:00 DEBUG start
2016-12-04T21:28:15+01:00 DEBUG start
2016-12-04T21:28:17+01:00 DEBUG start
2016-12-04T21:28:19+01:00 DEBUG start
2016-12-04T21:28:21+01:00 DEBUG start
2016-12-04T21:28:23+01:00 DEBUG start
2016-12-04T21:28:25+01:00 DEBUG start
2016-12-04T21:28:27+01:00 DEBUG start
2016-12-04T21:28:29+01:00 DEBUG start
2016-12-04T21:28:31+01:00 DEBUG start
2016-12-04T21:28:33+01:00 DEBUG start
2016-12-04T21:28:35+01:00 DEBUG start
2016-12-04T21:28:38+01:00 DEBUG start
2016-12-04T21:28:40+01:00 DEBUG start
2016-12-04T21:28:42+01:00 DEBUG start
2016-12-04T21:31:36+01:00 DEBUG start
2016-12-04T21:31:38+01:00 DEBUG start
2016-12-04T21:32:15+01:00 DEBUG start
2016-12-04T21:32:17+01:00 DEBUG start
2016-12-04T21:32:21+01:00 DEBUG start
2016-12-04T21:32:23+01:00 DEBUG start
2016-12-04T21:32:25+01:00 DEBUG start
2016-12-04T21:32:27+01:00 DEBUG start
2016-12-04T21:32:29+01:00 DEBUG start
2016-12-04T21:32:31+01:00 DEBUG start
2016-12-04T21:32:33+01:00 DEBUG start
2016-12-04T21:32:33+01:00 WARNING Array
2016-12-04T21:32:36+01:00 DEBUG start
2016-12-04T21:32:36+01:00 WARNING Array
2016-12-04T21:32:38+01:00 DEBUG start
2016-12-04T21:32:38+01:00 WARNING Array
2016-12-04T21:32:40+01:00 DEBUG start
2016-12-04T21:32:40+01:00 WARNING Array
2016-12-04T21:32:42+01:00 DEBUG start
2016-12-04T21:32:42+01:00 WARNING Array
2016-12-04T21:32:44+01:00 DEBUG start
2016-12-04T21:32:44+01:00 WARNING Array
2016-12-04T21:32:47+01:00 DEBUG start
2016-12-04T21:32:47+01:00 WARNING Array
2016-12-04T21:32:49+01:00 DEBUG start
2016-12-04T21:32:49+01:00 WARNING Array
2016-12-04T21:32:51+01:00 DEBUG start
2016-12-04T21:32:51+01:00 WARNING Array
2016-12-04T21:32:53+01:00 DEBUG start
2016-12-04T21:32:53+01:00 WARNING Array
2016-12-04T21:32:55+01:00 DEBUG start
2016-12-04T21:32:55+01:00 WARNING Array
2016-12-04T21:32:57+01:00 DEBUG start
2016-12-04T21:32:57+01:00 WARNING Array
2016-12-04T21:33:00+01:00 DEBUG start
2016-12-04T21:33:00+01:00 WARNING Array
2016-12-04T21:33:02+01:00 DEBUG start
2016-12-04T21:33:02+01:00 WARNING Array
2016-12-04T21:33:04+01:00 DEBUG start
2016-12-04T21:33:04+01:00 WARNING Array
2016-12-04T21:34:09+01:00 DEBUG start
2016-12-04T21:34:09+01:00 WARNING Array
2016-12-04T21:34:12+01:00 DEBUG start
2016-12-04T21:34:12+01:00 WARNING Array
2016-12-04T21:34:14+01:00 DEBUG start
2016-12-04T21:34:14+01:00 WARNING Array
2016-12-21T22:58:03+01:00 DEBUG start
2016-12-21T22:58:03+01:00 WARNING Array
2016-12-21T22:58:05+01:00 DEBUG start
2016-12-21T22:58:05+01:00 WARNING Array
2016-12-21T22:58:07+01:00 DEBUG start
2016-12-21T22:58:07+01:00 WARNING Array
2016-12-21T22:58:09+01:00 DEBUG start
2016-12-21T22:58:09+01:00 WARNING Array
2016-12-21T22:58:11+01:00 DEBUG start
2016-12-21T22:58:11+01:00 WARNING Array
2016-12-21T22:58:14+01:00 DEBUG start
2016-12-21T22:58:14+01:00 WARNING Array
2016-12-21T22:58:16+01:00 DEBUG start
2016-12-21T22:58:16+01:00 WARNING Array
2016-12-21T22:58:18+01:00 DEBUG start
2016-12-21T22:58:18+01:00 WARNING Array
2016-12-21T22:58:20+01:00 DEBUG start
2016-12-21T22:58:20+01:00 WARNING Array
2016-12-21T22:58:22+01:00 DEBUG start
2016-12-21T22:58:22+01:00 WARNING Array
2016-12-21T22:58:24+01:00 DEBUG start
2016-12-21T22:58:24+01:00 WARNING Array
2016-12-21T22:58:27+01:00 DEBUG start
2016-12-21T22:58:27+01:00 WARNING Array
2016-12-21T22:58:29+01:00 DEBUG start
2016-12-21T22:58:29+01:00 WARNING Array
2016-12-21T22:58:31+01:00 DEBUG start
2016-12-21T22:58:31+01:00 WARNING Array
2016-12-21T22:58:33+01:00 DEBUG start
2016-12-21T22:58:33+01:00 WARNING Array
2016-12-21T22:58:35+01:00 DEBUG start
2016-12-21T22:58:35+01:00 WARNING Array
2016-12-21T22:58:38+01:00 DEBUG start
2016-12-21T22:58:38+01:00 WARNING Array
2016-12-21T22:58:40+01:00 DEBUG start
2016-12-21T22:58:40+01:00 WARNING Array
2016-12-21T22:58:42+01:00 DEBUG start
2016-12-21T22:58:42+01:00 WARNING Array
2016-12-21T22:58:44+01:00 DEBUG start
2016-12-21T22:58:44+01:00 WARNING Array
2016-12-21T22:58:46+01:00 DEBUG start
2016-12-21T22:58:46+01:00 WARNING Array
2016-12-21T22:58:48+01:00 DEBUG start
2016-12-21T22:58:48+01:00 WARNING Array
2016-12-21T22:59:58+01:00 DEBUG start
2016-12-21T23:00:00+01:00 DEBUG start
2016-12-21T23:00:03+01:00 DEBUG start
2016-12-21T23:00:05+01:00 DEBUG start
2016-12-21T23:00:08+01:00 DEBUG start
2016-12-21T23:00:10+01:00 DEBUG start
2016-12-21T23:00:13+01:00 DEBUG start
2016-12-21T23:00:15+01:00 DEBUG start
2016-12-21T23:00:17+01:00 DEBUG start
2016-12-21T23:00:19+01:00 DEBUG start
2016-12-21T23:00:21+01:00 DEBUG start
2016-12-21T23:00:23+01:00 DEBUG start
2016-12-21T23:00:25+01:00 DEBUG start
2016-12-21T23:00:27+01:00 DEBUG start
2016-12-21T23:00:29+01:00 DEBUG start
2016-12-21T23:00:32+01:00 DEBUG start
2016-12-21T23:00:34+01:00 DEBUG start
2016-12-21T23:00:36+01:00 DEBUG start
2016-12-21T23:00:38+01:00 DEBUG start
2016-12-21T23:00:40+01:00 DEBUG start
2016-12-21T23:00:42+01:00 DEBUG start
2016-12-21T23:00:44+01:00 DEBUG start
2016-12-21T23:00:46+01:00 DEBUG start
2016-12-21T23:00:48+01:00 DEBUG start
2016-12-21T23:00:51+01:00 DEBUG start
2016-12-21T23:00:53+01:00 DEBUG start
2016-12-21T23:00:55+01:00 DEBUG start
2016-12-21T23:00:57+01:00 DEBUG start
2016-12-21T23:00:59+01:00 DEBUG start
2016-12-21T23:01:01+01:00 DEBUG start
2016-12-21T23:01:03+01:00 DEBUG start
2016-12-21T23:01:05+01:00 DEBUG start
2016-12-21T23:01:08+01:00 DEBUG start
2016-12-21T23:01:10+01:00 DEBUG start
2016-12-21T23:01:12+01:00 DEBUG start
2016-12-21T23:01:14+01:00 DEBUG start
2016-12-21T23:01:16+01:00 DEBUG start
2016-12-21T23:01:18+01:00 DEBUG start
2016-12-21T23:01:20+01:00 DEBUG start
2016-12-21T23:01:22+01:00 DEBUG start
2016-12-21T23:01:24+01:00 DEBUG start
2016-12-21T23:01:27+01:00 DEBUG start
2016-12-21T23:01:29+01:00 DEBUG start
2016-12-21T23:01:31+01:00 DEBUG start
2016-12-21T23:01:33+01:00 DEBUG start
2016-12-21T23:01:35+01:00 DEBUG start
2016-12-21T23:01:37+01:00 DEBUG start
2016-12-21T23:01:39+01:00 DEBUG start
2016-12-21T23:01:41+01:00 DEBUG start
2016-12-21T23:01:43+01:00 DEBUG start
2016-12-21T23:01:45+01:00 DEBUG start
2016-12-21T23:01:48+01:00 DEBUG start
2016-12-21T23:01:50+01:00 DEBUG start
2016-12-21T23:01:52+01:00 DEBUG start
2016-12-21T23:01:54+01:00 DEBUG start
2016-12-21T23:01:56+01:00 DEBUG start
2016-12-21T23:01:58+01:00 DEBUG start
2016-12-21T23:02:01+01:00 DEBUG start
2016-12-21T23:02:03+01:00 DEBUG start
2016-12-21T23:02:05+01:00 DEBUG start
2016-12-21T23:02:07+01:00 DEBUG start
2016-12-21T23:02:09+01:00 DEBUG start
2016-12-21T23:02:11+01:00 DEBUG start
2016-12-21T23:02:13+01:00 DEBUG start
2016-12-21T23:02:15+01:00 DEBUG start
2016-12-21T23:02:17+01:00 DEBUG start
2016-12-21T23:02:19+01:00 DEBUG start
2016-12-21T23:02:21+01:00 DEBUG start
2016-12-21T23:02:23+01:00 DEBUG start
2016-12-21T23:02:25+01:00 DEBUG start
2016-12-21T23:02:27+01:00 DEBUG start
2016-12-21T23:02:29+01:00 DEBUG start
2016-12-21T23:02:31+01:00 DEBUG start
2016-12-21T23:02:33+01:00 DEBUG start
2016-12-21T23:02:36+01:00 DEBUG start
2016-12-21T23:02:38+01:00 DEBUG start
2016-12-21T23:02:40+01:00 DEBUG start
2016-12-21T23:02:42+01:00 DEBUG start
2016-12-21T23:02:44+01:00 DEBUG start
2016-12-21T23:02:46+01:00 DEBUG start
2016-12-21T23:02:48+01:00 DEBUG start
2016-12-21T23:02:50+01:00 DEBUG start
2016-12-21T23:02:52+01:00 DEBUG start
2016-12-21T23:02:54+01:00 DEBUG start
2016-12-21T23:02:56+01:00 DEBUG start
2016-12-21T23:02:58+01:00 DEBUG start
2016-12-21T23:03:00+01:00 DEBUG start
2016-12-21T23:03:02+01:00 DEBUG start
2016-12-21T23:03:04+01:00 DEBUG start
2016-12-21T23:03:06+01:00 DEBUG start
2016-12-21T23:03:08+01:00 DEBUG start
2016-12-21T23:03:10+01:00 DEBUG start
2016-12-21T23:03:12+01:00 DEBUG start
2016-12-21T23:03:14+01:00 DEBUG start
2016-12-21T23:03:17+01:00 DEBUG start
2016-12-21T23:03:19+01:00 DEBUG start
2016-12-21T23:03:21+01:00 DEBUG start
2016-12-21T23:03:23+01:00 DEBUG start
2016-12-21T23:03:25+01:00 DEBUG start
2016-12-21T23:03:27+01:00 DEBUG start
2016-12-21T23:03:29+01:00 DEBUG start
2016-12-21T23:03:31+01:00 DEBUG start
2016-12-21T23:03:33+01:00 DEBUG start
2016-12-21T23:03:35+01:00 DEBUG start
2016-12-21T23:03:37+01:00 DEBUG start
2016-12-21T23:03:39+01:00 DEBUG start
2016-12-21T23:03:41+01:00 DEBUG start
2016-12-21T23:03:43+01:00 DEBUG start
2016-12-21T23:03:45+01:00 DEBUG start
2016-12-21T23:03:47+01:00 DEBUG start
2016-12-21T23:03:49+01:00 DEBUG start
2016-12-21T23:03:51+01:00 DEBUG start
2016-12-21T23:03:54+01:00 DEBUG start
2016-12-21T23:03:56+01:00 DEBUG start
2016-12-21T23:03:58+01:00 DEBUG start
2016-12-21T23:04:00+01:00 DEBUG start
2016-12-21T23:04:02+01:00 DEBUG start
2016-12-21T23:04:04+01:00 DEBUG start
2016-12-21T23:04:07+01:00 DEBUG start
2016-12-21T23:04:09+01:00 DEBUG start
2016-12-21T23:04:11+01:00 DEBUG start
2016-12-21T23:04:13+01:00 DEBUG start
2016-12-21T23:04:15+01:00 DEBUG start
2016-12-21T23:04:17+01:00 DEBUG start
2016-12-21T23:04:19+01:00 DEBUG start
2016-12-21T23:04:21+01:00 DEBUG start
2016-12-21T23:04:23+01:00 DEBUG start
2016-12-21T23:04:25+01:00 DEBUG start
2016-12-21T23:04:27+01:00 DEBUG start
2016-12-21T23:04:30+01:00 DEBUG start
2016-12-21T23:04:32+01:00 DEBUG start
2016-12-21T23:04:34+01:00 DEBUG start
2016-12-21T23:04:36+01:00 DEBUG start
2016-12-21T23:04:38+01:00 DEBUG start
2016-12-21T23:04:40+01:00 DEBUG start
2016-12-21T23:04:42+01:00 DEBUG start
2016-12-21T23:04:44+01:00 DEBUG start
2016-12-21T23:04:46+01:00 DEBUG start
2016-12-21T23:04:48+01:00 DEBUG start
2016-12-21T23:04:50+01:00 DEBUG start
2016-12-21T23:04:52+01:00 DEBUG start
2016-12-21T23:04:54+01:00 DEBUG start
2016-12-21T23:04:57+01:00 DEBUG start
2016-12-21T23:05:57+01:00 DEBUG start
2016-12-21T23:05:59+01:00 DEBUG start
2016-12-21T23:06:01+01:00 DEBUG start
2016-12-21T23:06:04+01:00 DEBUG start
2016-12-21T23:06:06+01:00 DEBUG start
2016-12-21T23:06:08+01:00 DEBUG start
2016-12-21T23:06:10+01:00 DEBUG start
2016-12-21T23:06:12+01:00 DEBUG start
2016-12-21T23:06:14+01:00 DEBUG start
2016-12-21T23:06:16+01:00 DEBUG start
2016-12-21T23:06:18+01:00 DEBUG start
2016-12-21T23:06:20+01:00 DEBUG start
2016-12-21T23:06:22+01:00 DEBUG start
2016-12-21T23:06:24+01:00 DEBUG start
2016-12-21T23:06:26+01:00 DEBUG start
2016-12-21T23:06:28+01:00 DEBUG start
2016-12-21T23:06:30+01:00 DEBUG start
2016-12-21T23:06:32+01:00 DEBUG start
2016-12-21T23:06:35+01:00 DEBUG start
2016-12-21T23:06:37+01:00 DEBUG start
2016-12-21T23:06:39+01:00 DEBUG start
2016-12-21T23:06:41+01:00 DEBUG start
2016-12-21T23:06:43+01:00 DEBUG start
2016-12-21T23:06:45+01:00 DEBUG start
2016-12-21T23:06:47+01:00 DEBUG start
2016-12-21T23:06:49+01:00 DEBUG start
2016-12-21T23:06:51+01:00 DEBUG start
2016-12-21T23:06:54+01:00 DEBUG start
2016-12-21T23:06:56+01:00 DEBUG start
2016-12-21T23:06:58+01:00 DEBUG start
2016-12-21T23:07:00+01:00 DEBUG start
2016-12-21T23:07:02+01:00 DEBUG start
2016-12-21T23:07:04+01:00 DEBUG start
2016-12-21T23:07:06+01:00 DEBUG start
2016-12-21T23:07:08+01:00 DEBUG start
2016-12-21T23:07:11+01:00 DEBUG start
2016-12-21T23:07:13+01:00 DEBUG start
2016-12-21T23:07:15+01:00 DEBUG start
2016-12-21T23:07:17+01:00 DEBUG start
2016-12-21T23:07:19+01:00 DEBUG start
2016-12-21T23:07:21+01:00 DEBUG start
2016-12-21T23:07:23+01:00 DEBUG start
2016-12-21T23:07:25+01:00 DEBUG start
2016-12-21T23:07:27+01:00 DEBUG start
2016-12-21T23:07:30+01:00 DEBUG start
2016-12-21T23:07:32+01:00 DEBUG start
2016-12-21T23:07:34+01:00 DEBUG start
2016-12-21T23:07:36+01:00 DEBUG start
2016-12-21T23:07:38+01:00 DEBUG start
2016-12-21T23:07:40+01:00 DEBUG start
2016-12-21T23:07:42+01:00 DEBUG start
2016-12-21T23:07:44+01:00 DEBUG start
2016-12-21T23:07:46+01:00 DEBUG start
2016-12-21T23:07:49+01:00 DEBUG start
2016-12-21T23:07:51+01:00 DEBUG start
2016-12-21T23:07:53+01:00 DEBUG start
2016-12-21T23:07:55+01:00 DEBUG start
2016-12-21T23:07:57+01:00 DEBUG start
2016-12-21T23:07:59+01:00 DEBUG start
2016-12-21T23:08:01+01:00 DEBUG start
2016-12-21T23:08:03+01:00 DEBUG start
2016-12-21T23:08:06+01:00 DEBUG start
2016-12-21T23:08:08+01:00 DEBUG start
2016-12-21T23:08:10+01:00 DEBUG start
2016-12-21T23:08:12+01:00 DEBUG start
2016-12-21T23:08:14+01:00 DEBUG start
2016-12-21T23:08:16+01:00 DEBUG start
2016-12-21T23:08:18+01:00 DEBUG start
2016-12-21T23:08:20+01:00 DEBUG start
2016-12-21T23:08:30+01:00 DEBUG start
2016-12-21T23:08:32+01:00 DEBUG start
2016-12-21T23:08:34+01:00 DEBUG start
2016-12-21T23:08:36+01:00 DEBUG start
2016-12-21T23:08:38+01:00 DEBUG start
2016-12-21T23:08:41+01:00 DEBUG start
2016-12-21T23:08:43+01:00 DEBUG start
2016-12-21T23:08:45+01:00 DEBUG start
2016-12-21T23:08:47+01:00 DEBUG start
2016-12-21T23:08:49+01:00 DEBUG start
2016-12-21T23:08:51+01:00 DEBUG start
2016-12-21T23:08:53+01:00 DEBUG start
2016-12-21T23:08:55+01:00 DEBUG start
2016-12-21T23:08:57+01:00 DEBUG start
2016-12-21T23:09:00+01:00 DEBUG start
2016-12-21T23:09:02+01:00 DEBUG start
2016-12-21T23:09:04+01:00 DEBUG start
2016-12-21T23:09:06+01:00 DEBUG start
2016-12-21T23:09:08+01:00 DEBUG start
2016-12-21T23:09:10+01:00 DEBUG start
2016-12-21T23:09:12+01:00 DEBUG start
2016-12-21T23:09:14+01:00 DEBUG start
2016-12-21T23:09:16+01:00 DEBUG start
2016-12-21T23:09:19+01:00 DEBUG start
2016-12-21T23:09:21+01:00 DEBUG start
2016-12-21T23:09:23+01:00 DEBUG start
2016-12-21T23:09:25+01:00 DEBUG start
2016-12-21T23:09:27+01:00 DEBUG start
2016-12-21T23:09:29+01:00 DEBUG start
2016-12-21T23:10:17+01:00 DEBUG start
2016-12-21T23:10:19+01:00 DEBUG start
2016-12-21T23:10:21+01:00 DEBUG start
2016-12-21T23:10:23+01:00 DEBUG start
2016-12-21T23:10:25+01:00 DEBUG start
2016-12-21T23:10:27+01:00 DEBUG start
2016-12-21T23:10:29+01:00 DEBUG start
2016-12-21T23:10:32+01:00 DEBUG start
2016-12-21T23:10:34+01:00 DEBUG start
2016-12-21T23:10:36+01:00 DEBUG start
2016-12-21T23:10:38+01:00 DEBUG start
2016-12-21T23:10:40+01:00 DEBUG start
2016-12-21T23:10:42+01:00 DEBUG start
2016-12-21T23:10:44+01:00 DEBUG start
2016-12-21T23:10:46+01:00 DEBUG start
2016-12-21T23:10:48+01:00 DEBUG start
2016-12-21T23:10:51+01:00 DEBUG start
2016-12-21T23:10:53+01:00 DEBUG start
2016-12-21T23:10:55+01:00 DEBUG start
2016-12-21T23:10:57+01:00 DEBUG start
2016-12-21T23:10:59+01:00 DEBUG start
2016-12-21T23:11:01+01:00 DEBUG start
2016-12-21T23:11:03+01:00 DEBUG start
2016-12-21T23:11:05+01:00 DEBUG start
2016-12-21T23:11:07+01:00 DEBUG start
2016-12-21T23:11:10+01:00 DEBUG start
2016-12-21T23:11:12+01:00 DEBUG start
2016-12-21T23:11:14+01:00 DEBUG start
2016-12-21T23:11:16+01:00 DEBUG start
2016-12-21T23:11:18+01:00 DEBUG start
2016-12-21T23:11:20+01:00 DEBUG start
2016-12-21T23:11:22+01:00 DEBUG start
2016-12-21T23:11:24+01:00 DEBUG start
2016-12-21T23:11:27+01:00 DEBUG start
2016-12-21T23:11:29+01:00 DEBUG start
2016-12-21T23:11:31+01:00 DEBUG start
2016-12-21T23:11:33+01:00 DEBUG start
2016-12-21T23:11:35+01:00 DEBUG start
2016-12-21T23:11:37+01:00 DEBUG start
2016-12-21T23:11:39+01:00 DEBUG start
2016-12-21T23:11:41+01:00 DEBUG start
2016-12-21T23:11:43+01:00 DEBUG start
2016-12-21T23:11:46+01:00 DEBUG start
2016-12-21T23:11:48+01:00 DEBUG start
2016-12-21T23:11:50+01:00 DEBUG start
2016-12-21T23:11:52+01:00 DEBUG start
2016-12-21T23:11:54+01:00 DEBUG start
2016-12-21T23:11:56+01:00 DEBUG start
2016-12-21T23:11:58+01:00 DEBUG start
2016-12-21T23:12:00+01:00 DEBUG start
2016-12-21T23:12:02+01:00 DEBUG start
2016-12-21T23:12:04+01:00 DEBUG start
2016-12-21T23:12:07+01:00 DEBUG start
2016-12-21T23:12:09+01:00 DEBUG start
2016-12-21T23:12:11+01:00 DEBUG start
2016-12-21T23:12:13+01:00 DEBUG start
2016-12-21T23:12:15+01:00 DEBUG start
2016-12-21T23:12:17+01:00 DEBUG start
2016-12-21T23:12:19+01:00 DEBUG start
2016-12-21T23:12:21+01:00 DEBUG start
2016-12-21T23:12:23+01:00 DEBUG start
2016-12-21T23:12:26+01:00 DEBUG start
2016-12-21T23:12:28+01:00 DEBUG start
2016-12-21T23:12:30+01:00 DEBUG start
2016-12-21T23:12:32+01:00 DEBUG start
2016-12-21T23:12:34+01:00 DEBUG start
2016-12-21T23:12:36+01:00 DEBUG start
2016-12-21T23:12:38+01:00 DEBUG start
2016-12-21T23:12:40+01:00 DEBUG start
2016-12-21T23:12:43+01:00 DEBUG start
2016-12-21T23:12:45+01:00 DEBUG start
2016-12-21T23:12:47+01:00 DEBUG start
2016-12-21T23:12:49+01:00 DEBUG start
2016-12-21T23:12:51+01:00 DEBUG start
2016-12-21T23:12:53+01:00 DEBUG start
2016-12-21T23:12:55+01:00 DEBUG start
2016-12-21T23:12:57+01:00 DEBUG start
2016-12-21T23:12:59+01:00 DEBUG start
2016-12-21T23:13:01+01:00 DEBUG start
2016-12-21T23:13:04+01:00 DEBUG start
2016-12-21T23:13:06+01:00 DEBUG start
2016-12-21T23:13:08+01:00 DEBUG start
2016-12-21T23:13:10+01:00 DEBUG start
2016-12-21T23:13:12+01:00 DEBUG start
2016-12-21T23:13:14+01:00 DEBUG start
2016-12-21T23:13:16+01:00 DEBUG start
2016-12-21T23:13:18+01:00 DEBUG start
2016-12-21T23:13:20+01:00 DEBUG start
2016-12-21T23:13:23+01:00 DEBUG start
2016-12-21T23:13:25+01:00 DEBUG start
2016-12-21T23:13:27+01:00 DEBUG start
2016-12-21T23:13:29+01:00 DEBUG start
2016-12-21T23:13:31+01:00 DEBUG start
2016-12-21T23:13:33+01:00 DEBUG start
2016-12-21T23:13:35+01:00 DEBUG start
2016-12-21T23:13:37+01:00 DEBUG start
2016-12-21T23:13:39+01:00 DEBUG start
2016-12-21T23:13:42+01:00 DEBUG start
2016-12-21T23:13:44+01:00 DEBUG start
2016-12-21T23:13:46+01:00 DEBUG start
2016-12-21T23:13:48+01:00 DEBUG start
2016-12-21T23:13:50+01:00 DEBUG start
2016-12-21T23:13:52+01:00 DEBUG start
2016-12-21T23:13:54+01:00 DEBUG start
2016-12-21T23:13:56+01:00 DEBUG start
2016-12-21T23:13:58+01:00 DEBUG start
2016-12-21T23:14:01+01:00 DEBUG start
2016-12-21T23:14:03+01:00 DEBUG start
2016-12-21T23:14:05+01:00 DEBUG start
2016-12-21T23:14:07+01:00 DEBUG start
2016-12-21T23:14:09+01:00 DEBUG start
2016-12-21T23:14:11+01:00 DEBUG start
2016-12-21T23:14:13+01:00 DEBUG start
2016-12-21T23:14:15+01:00 DEBUG start
2016-12-21T23:14:17+01:00 DEBUG start
2016-12-21T23:14:20+01:00 DEBUG start
2016-12-21T23:14:22+01:00 DEBUG start
2016-12-21T23:14:24+01:00 DEBUG start
2016-12-21T23:14:26+01:00 DEBUG start
2016-12-21T23:14:28+01:00 DEBUG start
2016-12-21T23:14:30+01:00 DEBUG start
2016-12-21T23:14:32+01:00 DEBUG start
2016-12-21T23:14:34+01:00 DEBUG start
2016-12-21T23:14:36+01:00 DEBUG start
2016-12-21T23:14:39+01:00 DEBUG start
2016-12-21T23:14:41+01:00 DEBUG start
2016-12-21T23:14:43+01:00 DEBUG start
2016-12-21T23:14:45+01:00 DEBUG start
2016-12-21T23:14:47+01:00 DEBUG start
2016-12-21T23:14:49+01:00 DEBUG start
2016-12-21T23:14:51+01:00 DEBUG start
2016-12-21T23:14:54+01:00 DEBUG start
2016-12-21T23:14:56+01:00 DEBUG start
2016-12-21T23:14:58+01:00 DEBUG start
2016-12-21T23:15:00+01:00 DEBUG start
2016-12-21T23:15:02+01:00 DEBUG start
2016-12-21T23:15:04+01:00 DEBUG start
2016-12-21T23:15:06+01:00 DEBUG start
2016-12-21T23:15:08+01:00 DEBUG start
2016-12-21T23:15:10+01:00 DEBUG start
2016-12-21T23:15:13+01:00 DEBUG start
2016-12-21T23:15:15+01:00 DEBUG start
2016-12-21T23:15:17+01:00 DEBUG start
2016-12-21T23:15:19+01:00 DEBUG start
2016-12-21T23:15:21+01:00 DEBUG start
2016-12-21T23:15:23+01:00 DEBUG start
2016-12-21T23:15:25+01:00 DEBUG start
2016-12-21T23:15:27+01:00 DEBUG start
2016-12-21T23:15:30+01:00 DEBUG start
2016-12-21T23:15:32+01:00 DEBUG start
2016-12-21T23:15:34+01:00 DEBUG start
2016-12-21T23:15:36+01:00 DEBUG start
2016-12-21T23:15:38+01:00 DEBUG start
2016-12-21T23:15:40+01:00 DEBUG start
2016-12-21T23:15:42+01:00 DEBUG start
2016-12-21T23:15:44+01:00 DEBUG start
2016-12-21T23:15:46+01:00 DEBUG start
2016-12-21T23:15:48+01:00 DEBUG start
2016-12-21T23:15:51+01:00 DEBUG start
2016-12-21T23:15:53+01:00 DEBUG start
2016-12-21T23:15:55+01:00 DEBUG start
2016-12-21T23:15:57+01:00 DEBUG start
2016-12-21T23:15:59+01:00 DEBUG start
2016-12-21T23:16:01+01:00 DEBUG start
2016-12-21T23:16:03+01:00 DEBUG start
2016-12-21T23:16:05+01:00 DEBUG start
2016-12-21T23:16:08+01:00 DEBUG start
2016-12-21T23:16:10+01:00 DEBUG start
2016-12-21T23:16:12+01:00 DEBUG start
2016-12-21T23:16:14+01:00 DEBUG start
2016-12-21T23:16:16+01:00 DEBUG start
2016-12-21T23:16:18+01:00 DEBUG start
2016-12-21T23:16:20+01:00 DEBUG start
2016-12-21T23:16:22+01:00 DEBUG start
2016-12-21T23:16:24+01:00 DEBUG start
2016-12-21T23:16:26+01:00 DEBUG start
2016-12-21T23:16:29+01:00 DEBUG start
2016-12-21T23:16:31+01:00 DEBUG start
2016-12-21T23:16:33+01:00 DEBUG start
2016-12-21T23:16:35+01:00 DEBUG start
2016-12-21T23:16:37+01:00 DEBUG start
2016-12-21T23:16:39+01:00 DEBUG start
2016-12-21T23:16:41+01:00 DEBUG start
2016-12-21T23:16:43+01:00 DEBUG start
2016-12-21T23:16:45+01:00 DEBUG start
2016-12-21T23:16:48+01:00 DEBUG start
2016-12-21T23:16:50+01:00 DEBUG start
2016-12-21T23:16:52+01:00 DEBUG start
2016-12-21T23:16:54+01:00 DEBUG start
2016-12-21T23:16:56+01:00 DEBUG start
2016-12-21T23:16:58+01:00 DEBUG start
2016-12-21T23:17:01+01:00 DEBUG start
2016-12-21T23:17:03+01:00 DEBUG start
2016-12-21T23:17:05+01:00 DEBUG start
2016-12-21T23:17:07+01:00 DEBUG start
2016-12-21T23:17:09+01:00 DEBUG start
2016-12-21T23:17:11+01:00 DEBUG start
2016-12-21T23:17:14+01:00 DEBUG start
2016-12-21T23:17:16+01:00 DEBUG start
2016-12-21T23:17:18+01:00 DEBUG start
2016-12-21T23:17:20+01:00 DEBUG start
2016-12-21T23:17:22+01:00 DEBUG start
2016-12-21T23:17:24+01:00 DEBUG start
2016-12-21T23:17:26+01:00 DEBUG start
2016-12-21T23:17:28+01:00 DEBUG start
2016-12-21T23:17:30+01:00 DEBUG start
2016-12-21T23:17:33+01:00 DEBUG start
2016-12-21T23:17:35+01:00 DEBUG start
2016-12-21T23:17:37+01:00 DEBUG start
2016-12-21T23:17:39+01:00 DEBUG start
2016-12-21T23:17:41+01:00 DEBUG start
2016-12-21T23:17:43+01:00 DEBUG start
2016-12-21T23:17:45+01:00 DEBUG start
2016-12-21T23:17:47+01:00 DEBUG start
2016-12-21T23:17:49+01:00 DEBUG start
2016-12-21T23:17:52+01:00 DEBUG start
2016-12-21T23:17:54+01:00 DEBUG start
2016-12-21T23:17:56+01:00 DEBUG start
2016-12-21T23:17:58+01:00 DEBUG start
2016-12-21T23:18:00+01:00 DEBUG start
2016-12-21T23:18:02+01:00 DEBUG start
2016-12-21T23:18:04+01:00 DEBUG start
2016-12-21T23:18:06+01:00 DEBUG start
2016-12-21T23:18:09+01:00 DEBUG start
2016-12-21T23:18:11+01:00 DEBUG start
2016-12-21T23:18:13+01:00 DEBUG start
2016-12-21T23:18:15+01:00 DEBUG start
2016-12-21T23:18:17+01:00 DEBUG start
2016-12-21T23:18:19+01:00 DEBUG start
2016-12-21T23:18:21+01:00 DEBUG start
2016-12-21T23:18:23+01:00 DEBUG start
2016-12-21T23:18:25+01:00 DEBUG start
2016-12-21T23:18:28+01:00 DEBUG start
2016-12-21T23:18:30+01:00 DEBUG start
2016-12-21T23:18:32+01:00 DEBUG start
2016-12-21T23:18:34+01:00 DEBUG start
2016-12-21T23:18:36+01:00 DEBUG start
2016-12-21T23:18:38+01:00 DEBUG start
2016-12-21T23:18:40+01:00 DEBUG start
2016-12-21T23:18:42+01:00 DEBUG start
2016-12-21T23:18:44+01:00 DEBUG start
2016-12-21T23:18:47+01:00 DEBUG start
2016-12-21T23:18:49+01:00 DEBUG start
2016-12-21T23:18:51+01:00 DEBUG start
2016-12-21T23:18:53+01:00 DEBUG start
2016-12-21T23:18:55+01:00 DEBUG start
2016-12-21T23:18:57+01:00 DEBUG start
2016-12-21T23:18:59+01:00 DEBUG start
2016-12-21T23:19:01+01:00 DEBUG start
2016-12-21T23:19:03+01:00 DEBUG start
2016-12-21T23:19:06+01:00 DEBUG start
2016-12-21T23:19:08+01:00 DEBUG start
2016-12-21T23:19:10+01:00 DEBUG start
2016-12-21T23:19:12+01:00 DEBUG start
2016-12-21T23:19:14+01:00 DEBUG start
2016-12-21T23:19:16+01:00 DEBUG start
2016-12-21T23:19:18+01:00 DEBUG start
2016-12-21T23:19:20+01:00 DEBUG start
2016-12-21T23:19:23+01:00 DEBUG start
2016-12-21T23:19:25+01:00 DEBUG start
2016-12-21T23:19:27+01:00 DEBUG start
2016-12-21T23:19:29+01:00 DEBUG start
2016-12-21T23:19:31+01:00 DEBUG start
2016-12-21T23:19:33+01:00 DEBUG start
2016-12-21T23:19:35+01:00 DEBUG start
2016-12-21T23:19:37+01:00 DEBUG start
2016-12-21T23:19:39+01:00 DEBUG start
2016-12-21T23:19:41+01:00 DEBUG start
2016-12-21T23:19:44+01:00 DEBUG start
2016-12-21T23:19:46+01:00 DEBUG start
2016-12-21T23:19:48+01:00 DEBUG start
2016-12-21T23:19:50+01:00 DEBUG start
2016-12-21T23:19:52+01:00 DEBUG start
2016-12-21T23:19:54+01:00 DEBUG start
2016-12-21T23:19:56+01:00 DEBUG start
2016-12-21T23:19:58+01:00 DEBUG start
2016-12-21T23:20:00+01:00 DEBUG start
2016-12-21T23:20:03+01:00 DEBUG start
2016-12-21T23:20:05+01:00 DEBUG start
2016-12-21T23:20:07+01:00 DEBUG start
2016-12-21T23:20:09+01:00 DEBUG start
2016-12-21T23:20:11+01:00 DEBUG start
2016-12-21T23:20:13+01:00 DEBUG start
2016-12-21T23:20:15+01:00 DEBUG start
2016-12-21T23:20:17+01:00 DEBUG start
2016-12-21T23:20:19+01:00 DEBUG start
2016-12-21T23:20:22+01:00 DEBUG start
2016-12-21T23:20:24+01:00 DEBUG start
2016-12-21T23:20:26+01:00 DEBUG start
2016-12-21T23:20:28+01:00 DEBUG start
2016-12-21T23:20:30+01:00 DEBUG start
2016-12-21T23:20:32+01:00 DEBUG start
2016-12-21T23:20:34+01:00 DEBUG start
2016-12-21T23:20:36+01:00 DEBUG start
2016-12-21T23:20:38+01:00 DEBUG start
2016-12-21T23:20:41+01:00 DEBUG start
2016-12-21T23:20:43+01:00 DEBUG start
2016-12-21T23:20:45+01:00 DEBUG start
2016-12-21T23:20:47+01:00 DEBUG start
2016-12-21T23:20:49+01:00 DEBUG start
2016-12-21T23:20:51+01:00 DEBUG start
2016-12-21T23:20:53+01:00 DEBUG start
2016-12-21T23:20:55+01:00 DEBUG start
2016-12-21T23:20:57+01:00 DEBUG start
2016-12-21T23:21:00+01:00 DEBUG start
2016-12-21T23:21:02+01:00 DEBUG start
2016-12-21T23:21:04+01:00 DEBUG start
2016-12-21T23:21:06+01:00 DEBUG start
2016-12-21T23:21:08+01:00 DEBUG start
2016-12-21T23:21:10+01:00 DEBUG start
2016-12-21T23:21:12+01:00 DEBUG start
2016-12-21T23:21:14+01:00 DEBUG start
2016-12-21T23:21:17+01:00 DEBUG start
2016-12-21T23:21:19+01:00 DEBUG start
2016-12-21T23:21:21+01:00 DEBUG start
2016-12-21T23:21:23+01:00 DEBUG start
2016-12-21T23:21:25+01:00 DEBUG start
2016-12-21T23:21:27+01:00 DEBUG start
2016-12-21T23:21:29+01:00 DEBUG start
2016-12-21T23:21:31+01:00 DEBUG start
2016-12-21T23:21:33+01:00 DEBUG start
2016-12-21T23:21:36+01:00 DEBUG start
2016-12-21T23:21:38+01:00 DEBUG start
2016-12-21T23:21:40+01:00 DEBUG start
2016-12-21T23:21:42+01:00 DEBUG start
2016-12-21T23:21:44+01:00 DEBUG start
2016-12-21T23:21:46+01:00 DEBUG start
2016-12-21T23:21:48+01:00 DEBUG start
2016-12-21T23:21:50+01:00 DEBUG start
2016-12-21T23:21:53+01:00 DEBUG start
2016-12-21T23:21:55+01:00 DEBUG start
2016-12-21T23:21:57+01:00 DEBUG start
2016-12-21T23:21:59+01:00 DEBUG start
2016-12-21T23:22:01+01:00 DEBUG start
2016-12-21T23:22:03+01:00 DEBUG start
2016-12-21T23:22:05+01:00 DEBUG start
2016-12-21T23:22:07+01:00 DEBUG start
2016-12-21T23:22:10+01:00 DEBUG start
2016-12-21T23:22:12+01:00 DEBUG start
2016-12-21T23:22:14+01:00 DEBUG start
2016-12-21T23:22:16+01:00 DEBUG start
2016-12-21T23:22:18+01:00 DEBUG start
2016-12-21T23:22:20+01:00 DEBUG start
2016-12-21T23:22:22+01:00 DEBUG start
2016-12-21T23:22:24+01:00 DEBUG start
2016-12-21T23:22:26+01:00 DEBUG start
2016-12-21T23:22:28+01:00 DEBUG start
2016-12-21T23:22:31+01:00 DEBUG start
2016-12-21T23:22:33+01:00 DEBUG start
2016-12-21T23:22:35+01:00 DEBUG start
2016-12-21T23:22:37+01:00 DEBUG start
2016-12-21T23:22:39+01:00 DEBUG start
2016-12-21T23:22:41+01:00 DEBUG start
2016-12-21T23:22:43+01:00 DEBUG start
2016-12-21T23:22:45+01:00 DEBUG start
